0 info it worked if it ends with ok
1 verbose cli [ '/usr/local/bin/node',
1 verbose cli   '/usr/local/bin/npm',
1 verbose cli   'install',
1 verbose cli   'gitbook-plugin-youtube',
1 verbose cli   '-g' ]
2 info using npm@2.7.4
3 info using node@v0.12.2
4 silly cache add args [ 'gitbook-plugin-youtube', null ]
5 verbose cache add spec gitbook-plugin-youtube
6 silly cache add parsed spec { raw: 'gitbook-plugin-youtube',
6 silly cache add   scope: null,
6 silly cache add   name: 'gitbook-plugin-youtube',
6 silly cache add   rawSpec: '',
6 silly cache add   spec: '*',
6 silly cache add   type: 'range' }
7 verbose addNamed gitbook-plugin-youtube@*
8 silly addNamed semver.valid null
9 silly addNamed semver.validRange *
10 silly addNameRange { name: 'gitbook-plugin-youtube', range: '*', hasData: false }
11 silly mapToRegistry name gitbook-plugin-youtube
12 silly mapToRegistry using default registry
13 silly mapToRegistry registry https://registry.npmjs.org/
14 silly mapToRegistry uri https://registry.npmjs.org/gitbook-plugin-youtube
15 verbose addNameRange registry:https://registry.npmjs.org/gitbook-plugin-youtube not in flight; fetching
16 verbose request uri https://registry.npmjs.org/gitbook-plugin-youtube
17 verbose request no auth needed
18 info attempt registry request try #1 at 8:37:36 PM
19 verbose request id 038256dccb339022
20 http request GET https://registry.npmjs.org/gitbook-plugin-youtube
21 http 200 https://registry.npmjs.org/gitbook-plugin-youtube
22 silly get cb [ 200,
22 silly get   { date: 'Mon, 27 Apr 2015 15:07:37 GMT',
22 silly get     server: 'CouchDB/1.5.0 (Erlang OTP/R16B03)',
22 silly get     etag: '"3KPU5KAV20JWGQQMM9AQ5FBVX"',
22 silly get     'content-type': 'application/json',
22 silly get     'cache-control': 'max-age=60',
22 silly get     'content-length': '3172',
22 silly get     'accept-ranges': 'bytes',
22 silly get     via: '1.1 varnish',
22 silly get     age: '0',
22 silly get     'x-served-by': 'cache-fra1236-FRA',
22 silly get     'x-cache': 'MISS',
22 silly get     'x-cache-hits': '0',
22 silly get     'x-timer': 'S1430147257.182353,VS0,VE108',
22 silly get     vary: 'Accept',
22 silly get     'keep-alive': 'timeout=10, max=50',
22 silly get     connection: 'Keep-Alive' } ]
23 verbose get saving gitbook-plugin-youtube to /home/nitun/.npm/registry.npmjs.org/gitbook-plugin-youtube/.cache.json
24 silly addNameRange number 2 { name: 'gitbook-plugin-youtube', range: '*', hasData: true }
25 silly addNameRange versions [ 'gitbook-plugin-youtube', [ '1.0.0', '1.1.0' ] ]
26 verbose addNamed gitbook-plugin-youtube@1.1.0
27 silly addNamed semver.valid 1.1.0
28 silly addNamed semver.validRange 1.1.0
29 silly mapToRegistry name gitbook-plugin-youtube
30 silly mapToRegistry using default registry
31 silly mapToRegistry registry https://registry.npmjs.org/
32 silly mapToRegistry uri https://registry.npmjs.org/gitbook-plugin-youtube
33 verbose addRemoteTarball https://registry.npmjs.org/gitbook-plugin-youtube/-/gitbook-plugin-youtube-1.1.0.tgz not in flight; adding
34 verbose addRemoteTarball [ 'https://registry.npmjs.org/gitbook-plugin-youtube/-/gitbook-plugin-youtube-1.1.0.tgz',
34 verbose addRemoteTarball   'cc40503cc8998c5aab149ec4788ea0e7c840eefe' ]
35 info retry fetch attempt 1 at 8:37:37 PM
36 info attempt registry request try #1 at 8:37:37 PM
37 http fetch GET https://registry.npmjs.org/gitbook-plugin-youtube/-/gitbook-plugin-youtube-1.1.0.tgz
38 http fetch 200 https://registry.npmjs.org/gitbook-plugin-youtube/-/gitbook-plugin-youtube-1.1.0.tgz
39 silly fetchAndShaCheck shasum cc40503cc8998c5aab149ec4788ea0e7c840eefe
40 verbose addTmpTarball /tmp/npm-13995-5919767a/registry.npmjs.org/gitbook-plugin-youtube/-/gitbook-plugin-youtube-1.1.0.tgz not in flight; adding
41 verbose addTmpTarball already have metadata; skipping unpack for gitbook-plugin-youtube@1.1.0
42 silly cache afterAdd gitbook-plugin-youtube@1.1.0
43 verbose afterAdd /home/nitun/.npm/gitbook-plugin-youtube/1.1.0/package/package.json not in flight; writing
44 verbose afterAdd /home/nitun/.npm/gitbook-plugin-youtube/1.1.0/package/package.json written
45 silly install resolved [ { name: 'gitbook-plugin-youtube',
45 silly install resolved     description: 'Youtube video integration made easy in GitBook',
45 silly install resolved     main: 'index.js',
45 silly install resolved     version: '1.1.0',
45 silly install resolved     engines: { gitbook: '>1.x.x' },
45 silly install resolved     homepage: 'https://github.com/GitbookIO/plugin-youtube',
45 silly install resolved     repository:
45 silly install resolved      { type: 'git',
45 silly install resolved        url: 'https://github.com/GitbookIO/plugin-youtube.git' },
45 silly install resolved     license: 'Apache 2',
45 silly install resolved     bugs: { url: 'https://github.com/GitbookIO/plugin-youtube/issues' },
45 silly install resolved     dependencies: { 'get-youtube-id': '0.1.3' },
45 silly install resolved     gitHead: 'a687bb4ab85fe6ce68d7feaa62e628cecbff9d8c',
45 silly install resolved     _id: 'gitbook-plugin-youtube@1.1.0',
45 silly install resolved     scripts: {},
45 silly install resolved     _shasum: 'cc40503cc8998c5aab149ec4788ea0e7c840eefe',
45 silly install resolved     _from: 'gitbook-plugin-youtube@*',
45 silly install resolved     _npmVersion: '2.1.18',
45 silly install resolved     _nodeVersion: '0.10.33',
45 silly install resolved     _npmUser: { name: 'samypesse', email: 'samypesse@gmail.com' },
45 silly install resolved     maintainers: [ [Object] ],
45 silly install resolved     dist:
45 silly install resolved      { shasum: 'cc40503cc8998c5aab149ec4788ea0e7c840eefe',
45 silly install resolved        tarball: 'http://registry.npmjs.org/gitbook-plugin-youtube/-/gitbook-plugin-youtube-1.1.0.tgz' },
45 silly install resolved     directories: {},
45 silly install resolved     _resolved: 'https://registry.npmjs.org/gitbook-plugin-youtube/-/gitbook-plugin-youtube-1.1.0.tgz' } ]
46 info install gitbook-plugin-youtube@1.1.0 into /usr/local/lib
47 info installOne gitbook-plugin-youtube@1.1.0
48 verbose installOne of gitbook-plugin-youtube to /usr/local/lib not in flight; installing
49 verbose lock using /home/nitun/.npm/_locks/gitbook-plugin-youtube-73415a0daa1c7b04.lock for /usr/local/lib/node_modules/gitbook-plugin-youtube
50 silly install write writing gitbook-plugin-youtube 1.1.0 to /usr/local/lib/node_modules/gitbook-plugin-youtube
51 silly cache addNamed cb gitbook-plugin-youtube@1.1.0
52 verbose unbuild lib/node_modules/gitbook-plugin-youtube
53 silly gentlyRm /usr/local/lib/node_modules/gitbook-plugin-youtube is being purged from base /usr/local
54 verbose gentlyRm don't care about contents; nuking /usr/local/lib/node_modules/gitbook-plugin-youtube
55 verbose tar unpack /home/nitun/.npm/gitbook-plugin-youtube/1.1.0/package.tgz
56 verbose tar unpacking to /usr/local/lib/node_modules/gitbook-plugin-youtube
57 silly gentlyRm /usr/local/lib/node_modules/gitbook-plugin-youtube is being purged
58 verbose gentlyRm don't care about contents; nuking /usr/local/lib/node_modules/gitbook-plugin-youtube
59 silly gunzTarPerm modes [ '775', '664' ]
60 error tar.unpack untar error /home/nitun/.npm/gitbook-plugin-youtube/1.1.0/package.tgz
61 verbose unlock done using /home/nitun/.npm/_locks/gitbook-plugin-youtube-73415a0daa1c7b04.lock for /usr/local/lib/node_modules/gitbook-plugin-youtube
62 verbose fstream_path /usr/local/lib/node_modules/gitbook-plugin-youtube
63 verbose fstream_type Directory
64 verbose fstream_class DirWriter
65 verbose stack Error: EACCES, mkdir '/usr/local/lib/node_modules/gitbook-plugin-youtube'
65 verbose stack     at Error (native)
66 verbose fstream_stack /usr/local/lib/node_modules/npm/node_modules/fstream/lib/dir-writer.js:36:23
66 verbose fstream_stack /usr/local/lib/node_modules/npm/node_modules/mkdirp/index.js:46:53
66 verbose fstream_stack FSReqWrap.oncomplete (fs.js:95:15)
67 verbose cwd /home/nitun/Documents/gitbook-rtmedia/docs.rtcamp.com/rtmedia
68 error Linux 3.13.0-48-generic
69 error argv "/usr/local/bin/node" "/usr/local/bin/npm" "install" "gitbook-plugin-youtube" "-g"
70 error node v0.12.2
71 error npm  v2.7.4
72 error path /usr/local/lib/node_modules/gitbook-plugin-youtube
73 error code EACCES
74 error errno -13
75 error Error: EACCES, mkdir '/usr/local/lib/node_modules/gitbook-plugin-youtube'
75 error     at Error (native)
75 error  { [Error: EACCES, mkdir '/usr/local/lib/node_modules/gitbook-plugin-youtube']
75 error   errno: -13,
75 error   code: 'EACCES',
75 error   path: '/usr/local/lib/node_modules/gitbook-plugin-youtube',
75 error   fstream_type: 'Directory',
75 error   fstream_path: '/usr/local/lib/node_modules/gitbook-plugin-youtube',
75 error   fstream_class: 'DirWriter',
75 error   fstream_stack:
75 error    [ '/usr/local/lib/node_modules/npm/node_modules/fstream/lib/dir-writer.js:36:23',
75 error      '/usr/local/lib/node_modules/npm/node_modules/mkdirp/index.js:46:53',
75 error      'FSReqWrap.oncomplete (fs.js:95:15)' ] }
76 error Please try running this command again as root/Administrator.
77 verbose exit [ -13, true ]
78 verbose unbuild lib/node_modules/gitbook-plugin-youtube
79 silly gentlyRm /usr/local/lib/node_modules/gitbook-plugin-youtube is being purged from base /usr/local
80 verbose gentlyRm don't care about contents; nuking /usr/local/lib/node_modules/gitbook-plugin-youtube
